<?xml version="1.0" encoding="UTF-8"?>
<!-- Generated by org.testng.reporters.JUnitXMLReporter -->
<testsuite hostname="Alexandrs-MacBook-Air.local" ignored="1" name="Default test" tests="3" failures="0" timestamp="2020-09-06T21:24:32 EEST" time="24.081" errors="0">
  <testcase name="invalidLogin" time="0.623" classname="com.hrms.testcases.LoginTest"/>
  <testcase name="invalidLogin" time="0.497" classname="com.hrms.testcases.LoginTest"/>
  <testcase name="invalidLogin" time="1.432" classname="com.hrms.testcases.LoginTest"/>
  <testcase name="validAdminLogin" time="0.0" classname="com.hrms.testcases.LoginTest">
    <ignored/>
  </testcase> <!-- validAdminLogin -->
</testsuite> <!-- Default test -->
