<?xml version="1.0" encoding="UTF-8"?>
<!-- Generated by org.testng.reporters.JUnitXMLReporter -->
<testsuite hostname="Alexandrs-MacBook-Air.local" ignored="2" name="Default test" tests="5" failures="0" timestamp="2020-09-07T23:55:07 EEST" time="74.357" errors="0">
  <testcase name="addEmployee" time="8.058" classname="com.hrms.testcases.LoginTest"/>
  <testcase name="addEmployee" time="10.917" classname="com.hrms.testcases.LoginTest"/>
  <testcase name="addEmployee" time="8.765" classname="com.hrms.testcases.LoginTest"/>
  <testcase name="addEmployee" time="11.313" classname="com.hrms.testcases.LoginTest"/>
  <testcase name="addEmployee" time="8.257" classname="com.hrms.testcases.LoginTest"/>
  <testcase name="invalidLogin" time="0.0" classname="com.hrms.testcases.LoginTest">
    <ignored/>
  </testcase> <!-- invalidLogin -->
  <testcase name="validAdminLogin" time="0.0" classname="com.hrms.testcases.LoginTest">
    <ignored/>
  </testcase> <!-- validAdminLogin -->
</testsuite> <!-- Default test -->
