<?xml version="1.0" encoding="UTF-8"?>
<!-- Generated by org.testng.reporters.JUnitXMLReporter -->
<testsuite hostname="Alexandrs-MacBook-Air.local" ignored="1" name="Regression Test" tests="3" failures="0" timestamp="2020-09-11T04:53:02 EEST" time="20.115" errors="0">
  <testcase name="invalidLogin" time="0.566" classname="com.hrms.testcases.LoginTest"/>
  <testcase name="invalidLogin" time="0.467" classname="com.hrms.testcases.LoginTest"/>
  <testcase name="invalidLogin" time="1.424" classname="com.hrms.testcases.LoginTest"/>
  <testcase name="validAdminLogin" time="0.0" classname="com.hrms.testcases.LoginTest">
    <ignored/>
  </testcase> <!-- validAdminLogin -->
</testsuite> <!-- Regression Test -->
