<?xml version="1.0" encoding="UTF-8"?>
<!-- Generated by org.testng.reporters.JUnitXMLReporter -->
<testsuite hostname="Alexandrs-MacBook-Air.local" ignored="1" name="Smoke Test" tests="1" failures="0" timestamp="2020-11-26T01:15:57 EET" time="11.447" errors="0">
  <testcase name="validAdminLogin" time="2.931" classname="com.hrms.testcases.LoginTest"/>
  <testcase name="invalidLogin" time="0.0" classname="com.hrms.testcases.LoginTest">
    <ignored/>
  </testcase> <!-- invalidLogin -->
</testsuite> <!-- Smoke Test -->
