<?xml version="1.0" encoding="UTF-8"?>
<testng-results skipped="0" failed="0" ignored="1" total="2" passed="1">
  <reporter-output>
  </reporter-output>
  <suite name="Smoke Suite" duration-ms="11447" started-at="2020-11-26T01:15:46 EET" finished-at="2020-11-26T01:15:57 EET">
    <groups>
      <group name="smoke">
        <method signature="LoginTest.validAdminLogin()[pri:0, instance:com.hrms.testcases.LoginTest@210366b4]" name="validAdminLogin" class="com.hrms.testcases.LoginTest"/>
      </group> <!-- smoke -->
    </groups>
    <test name="Smoke Test" duration-ms="11447" started-at="2020-11-26T01:15:46 EET" finished-at="2020-11-26T01:15:57 EET">
      <class name="com.hrms.testcases.LoginTest">
        <test-method status="PASS" signature="setUp()[pri:0, instance:com.hrms.testcases.LoginTest@210366b4]" name="setUp" is-config="true" duration-ms="7810" started-at="2020-11-26T01:15:46 EET" finished-at="2020-11-26T01:15:54 EET">
          <reporter-output>
          </reporter-output>
        </test-method> <!-- setUp -->
        <test-method status="PASS" signature="validAdminLogin()[pri:0, instance:com.hrms.testcases.LoginTest@210366b4]" name="validAdminLogin" duration-ms="2931" started-at="2020-11-26T01:15:54 EET" finished-at="2020-11-26T01:15:57 EET">
          <reporter-output>
          </reporter-output>
        </test-method> <!-- validAdminLogin -->
        <test-method status="PASS" signature="tearDown()[pri:0, instance:com.hrms.testcases.LoginTest@210366b4]" name="tearDown" is-config="true" duration-ms="226" started-at="2020-11-26T01:15:57 EET" finished-at="2020-11-26T01:15:57 EET">
          <reporter-output>
          </reporter-output>
        </test-method> <!-- tearDown -->
      </class> <!-- com.hrms.testcases.LoginTest -->
    </test> <!-- Smoke Test -->
  </suite> <!-- Smoke Suite -->
</testng-results>
