<?xml version="1.0" encoding="UTF-8"?>
<testng-results skipped="0" failed="0" ignored="1" total="4" passed="3">
  <reporter-output>
  </reporter-output>
  <suite name="Regression Suite" duration-ms="25903" started-at="2020-09-06T21:53:48 EEST" finished-at="2020-09-06T21:54:14 EEST">
    <groups>
      <group name="regression">
        <method signature="LoginTest.invalidLogin(java.lang.String, java.lang.String, java.lang.String)[pri:0, instance:com.hrms.testcases.LoginTest@33f88ab]" name="invalidLogin" class="com.hrms.testcases.LoginTest"/>
      </group> <!-- regression -->
    </groups>
    <test name="Regression Test" duration-ms="25903" started-at="2020-09-06T21:53:48 EEST" finished-at="2020-09-06T21:54:14 EEST">
      <class name="com.hrms.testcases.LoginTest">
        <test-method status="PASS" signature="setUp()[pri:0, instance:com.hrms.testcases.LoginTest@33f88ab]" name="setUp" is-config="true" duration-ms="8286" started-at="2020-09-06T21:53:48 EEST" finished-at="2020-09-06T21:53:56 EEST">
          <reporter-output>
          </reporter-output>
        </test-method> <!-- setUp -->
        <test-method status="PASS" signature="invalidLogin(java.lang.String, java.lang.String, java.lang.String)[pri:0, instance:com.hrms.testcases.LoginTest@33f88ab]" name="invalidLogin" duration-ms="541" started-at="2020-09-06T21:53:56 EEST" data-provider="getData" finished-at="2020-09-06T21:53:57 EEST">
          <params>
            <param index="0">
              <value>
                <![CDATA[]]>
              </value>
            </param>
            <param index="1">
              <value>
                <![CDATA[Hum@nhrm123]]>
              </value>
            </param>
            <param index="2">
              <value>
                <![CDATA[Username cannot be empty]]>
              </value>
            </param>
          </params>
          <reporter-output>
          </reporter-output>
        </test-method> <!-- invalidLogin -->
        <test-method status="PASS" signature="tearDown()[pri:0, instance:com.hrms.testcases.LoginTest@33f88ab]" name="tearDown" is-config="true" duration-ms="252" started-at="2020-09-06T21:53:57 EEST" finished-at="2020-09-06T21:53:57 EEST">
          <reporter-output>
          </reporter-output>
        </test-method> <!-- tearDown -->
        <test-method status="PASS" signature="setUp()[pri:0, instance:com.hrms.testcases.LoginTest@33f88ab]" name="setUp" is-config="true" duration-ms="7432" started-at="2020-09-06T21:53:57 EEST" finished-at="2020-09-06T21:54:04 EEST">
          <reporter-output>
          </reporter-output>
        </test-method> <!-- setUp -->
        <test-method status="PASS" signature="invalidLogin(java.lang.String, java.lang.String, java.lang.String)[pri:0, instance:com.hrms.testcases.LoginTest@33f88ab]" name="invalidLogin" duration-ms="476" started-at="2020-09-06T21:54:04 EEST" data-provider="getData" finished-at="2020-09-06T21:54:05 EEST">
          <params>
            <param index="0">
              <value>
                <![CDATA[Admin]]>
              </value>
            </param>
            <param index="1">
              <value>
                <![CDATA[]]>
              </value>
            </param>
            <param index="2">
              <value>
                <![CDATA[Password cannot be empty]]>
              </value>
            </param>
          </params>
          <reporter-output>
          </reporter-output>
        </test-method> <!-- invalidLogin -->
        <test-method status="PASS" signature="tearDown()[pri:0, instance:com.hrms.testcases.LoginTest@33f88ab]" name="tearDown" is-config="true" duration-ms="230" started-at="2020-09-06T21:54:05 EEST" finished-at="2020-09-06T21:54:05 EEST">
          <reporter-output>
          </reporter-output>
        </test-method> <!-- tearDown -->
        <test-method status="PASS" signature="setUp()[pri:0, instance:com.hrms.testcases.LoginTest@33f88ab]" name="setUp" is-config="true" duration-ms="6170" started-at="2020-09-06T21:54:05 EEST" finished-at="2020-09-06T21:54:11 EEST">
          <reporter-output>
          </reporter-output>
        </test-method> <!-- setUp -->
        <test-method status="PASS" signature="invalidLogin(java.lang.String, java.lang.String, java.lang.String)[pri:0, instance:com.hrms.testcases.LoginTest@33f88ab]" name="invalidLogin" duration-ms="2288" started-at="2020-09-06T21:54:11 EEST" data-provider="getData" finished-at="2020-09-06T21:54:13 EEST">
          <params>
            <param index="0">
              <value>
                <![CDATA[Admin]]>
              </value>
            </param>
            <param index="1">
              <value>
                <![CDATA[wertyui12]]>
              </value>
            </param>
            <param index="2">
              <value>
                <![CDATA[Invalid credentials]]>
              </value>
            </param>
          </params>
          <reporter-output>
          </reporter-output>
        </test-method> <!-- invalidLogin -->
        <test-method status="PASS" signature="tearDown()[pri:0, instance:com.hrms.testcases.LoginTest@33f88ab]" name="tearDown" is-config="true" duration-ms="162" started-at="2020-09-06T21:54:13 EEST" finished-at="2020-09-06T21:54:14 EEST">
          <reporter-output>
          </reporter-output>
        </test-method> <!-- tearDown -->
      </class> <!-- com.hrms.testcases.LoginTest -->
    </test> <!-- Regression Test -->
  </suite> <!-- Regression Suite -->
</testng-results>
